<?xml version="1.0" encoding="UTF-8" ?>
<testsuite tests="2" failures="1" name="com.gobear.auto.RunCucumberTest" time="29.856" errors="0" skipped="0">
  <properties>
[...]
</properties>
  <testcase classname="Insurance-Travel" name="User should see at least 3 cards at Travel Result Page" time="12.565"/>
  <testcase classname="Insurance-Travel" name="User is able to use left side menu to filter results" time="17.291">
    <failure message="Date not Equals:
Expected: 11-Dec-2019
Actual: 01-11-2019" type="java.lang.AssertionError">java.lang.AssertionError: Date not Equals:
Expected: 11-Dec-2019
Actual: 01-11-2019
	at org.junit.Assert.fail(Assert.java:88)
	at org.junit.Assert.assertTrue(Assert.java:41)
	at com.gobear.auto.PageObjects.DetailComponent.verifyStartDate(DetailComponent.java:71)
	at com.gobear.auto.HomepageSteps.i_should_be_able_to_select_startDate_endDate(HomepageSteps.java:70)
	at ✽.I should be able to select Start date and End Date(file:src/test/resources/com/gobear/auto/TravelInsurance.feature:16)
</failure>
    <system-err>Starting ChromeDriver 78.0.3904.70 (edb9c9f3de0247fd912a77b7f6cae7447f6d3ad5-refs/branch-heads/3904@{#800}) on port 11414
Only local connections are allowed.
Please protect ports used by ChromeDriver and related test frameworks to prevent access by malicious code.
[1572199381.703][WARNING]: Timed out connecting to Chrome, retrying...
Oct 28, 2019 1:03:03 AM org.openqa.selenium.remote.ProtocolHandshake createSession
INFO: Detected dialect: W3C
</system-err>
  </testcase>
</testsuite>